<?xml version="1.0" encoding="UTF-8" ?>
<testsuites>
  <testsuite errors="0" failures="0" hostname="master-home" id="0" name="CapriIntegrationTests" package="com.visionarysoftwaresolutions.restaurant" tests="4" time="0.765" timestamp="2012-05-05T11:19:56">
      <properties />

      <testcase classname="com.visionarysoftwaresolutions.restaurant.CapriIntegrationTests" name="testSetupRestaurant" time="0.296" />

      <testcase classname="com.visionarysoftwaresolutions.restaurant.CapriIntegrationTests" name="testBuildMenu" time="0.101" />

      <testcase classname="com.visionarysoftwaresolutions.restaurant.CapriIntegrationTests" name="testBuildRecipes" time="0.175" />

      <testcase classname="com.visionarysoftwaresolutions.restaurant.CapriIntegrationTests" name="testAddMenuItems" time="0.188" />

      <system-out><![CDATA[--Output from testSetupRestaurant--
--Output from testBuildMenu--
--Output from testBuildRecipes--
--Output from testAddMenuItems--
]]></system-out>

      <system-err><![CDATA[--Output from testSetupRestaurant--
--Output from testBuildMenu--
--Output from testBuildRecipes--
--Output from testAddMenuItems--
]]></system-err>

  </testsuite>
  <testsuite errors="0" failures="0" hostname="master-home" id="1" name="ContactInformationTests" package="com.visionarysoftwaresolutions.location" tests="5" time="0.48" timestamp="2012-05-05T11:19:40">
      <properties />

      <testcase classname="com.visionarysoftwaresolutions.location.ContactInformationTests" name="testValidNullVirtualSpots" time="0.203" />

      <testcase classname="com.visionarysoftwaresolutions.location.ContactInformationTests" name="testValidContactInformation" time="0.026" />

      <testcase classname="com.visionarysoftwaresolutions.location.ContactInformationTests" name="testValidNullPhoneNumber" time="0.023" />

      <testcase classname="com.visionarysoftwaresolutions.location.ContactInformationTests" name="testValidNullEmail" time="0.018" />

      <testcase classname="com.visionarysoftwaresolutions.location.ContactInformationTests" name="testInvalidEmail" time="0.027" />

      <system-out><![CDATA[--Output from testValidNullVirtualSpots--
--Output from testValidContactInformation--
--Output from testValidNullPhoneNumber--
--Output from testValidNullEmail--
--Output from testInvalidEmail--
]]></system-out>

      <system-err><![CDATA[--Output from testValidNullVirtualSpots--
--Output from testValidContactInformation--
--Output from testValidNullPhoneNumber--
--Output from testValidNullEmail--
--Output from testInvalidEmail--
]]></system-err>

  </testsuite>
  <testsuite errors="0" failures="0" hostname="master-home" id="2" name="LocationTests" package="com.visionarysoftwaresolutions.location" tests="7" time="0.659" timestamp="2012-05-05T11:19:39">
      <properties />

      <testcase classname="com.visionarysoftwaresolutions.location.LocationTests" name="testInvalidHighLongitude" time="0.188" />

      <testcase classname="com.visionarysoftwaresolutions.location.LocationTests" name="testInvalidLocationNullContact" time="0.064" />

      <testcase classname="com.visionarysoftwaresolutions.location.LocationTests" name="testValidLocation" time="0.057" />

      <testcase classname="com.visionarysoftwaresolutions.location.LocationTests" name="testInvalidLocationNullAddress" time="0.057" />

      <testcase classname="com.visionarysoftwaresolutions.location.LocationTests" name="testInvalidLowLatitude" time="0.056" />

      <testcase classname="com.visionarysoftwaresolutions.location.LocationTests" name="testInvalidHighLatitude" time="0.042" />

      <testcase classname="com.visionarysoftwaresolutions.location.LocationTests" name="testInvalidLowLongitude" time="0.057" />

      <system-out><![CDATA[--Output from testInvalidHighLongitude--
--Output from testInvalidLocationNullContact--
--Output from testValidLocation--
--Output from testInvalidLocationNullAddress--
--Output from testInvalidLowLatitude--
--Output from testInvalidHighLatitude--
--Output from testInvalidLowLongitude--
]]></system-out>

      <system-err><![CDATA[--Output from testInvalidHighLongitude--
--Output from testInvalidLocationNullContact--
--Output from testValidLocation--
--Output from testInvalidLocationNullAddress--
--Output from testInvalidLowLatitude--
--Output from testInvalidHighLatitude--
--Output from testInvalidLowLongitude--
]]></system-err>

  </testsuite>
  <testsuite errors="0" failures="0" hostname="master-home" id="3" name="StreetAddressTests" package="com.visionarysoftwaresolutions.location" tests="1" time="0.944" timestamp="2012-05-05T11:19:38">
      <properties />

      <testcase classname="com.visionarysoftwaresolutions.location.StreetAddressTests" name="testValidStreetAddress" time="0.763" />

      <system-out><![CDATA[--Output from testValidStreetAddress--
]]></system-out>

      <system-err><![CDATA[--Output from testValidStreetAddress--
]]></system-err>

  </testsuite>
  <testsuite errors="0" failures="0" hostname="master-home" id="4" name="PublicitySourceTests" package="com.visionarysoftwaresolutions.restaurant" tests="4" time="0.122" timestamp="2012-05-05T11:19:46">
      <properties />

      <testcase classname="com.visionarysoftwaresolutions.restaurant.PublicitySourceTests" name="testValidPublicitySource" time="0.077" />

      <testcase classname="com.visionarysoftwaresolutions.restaurant.PublicitySourceTests" name="testBlankName" time="0.01" />

      <testcase classname="com.visionarysoftwaresolutions.restaurant.PublicitySourceTests" name="testNonUniqueName" time="0.015" />

      <testcase classname="com.visionarysoftwaresolutions.restaurant.PublicitySourceTests" name="testNonBadUrl" time="0.016" />

      <system-out><![CDATA[--Output from testValidPublicitySource--
--Output from testBlankName--
--Output from testNonUniqueName--
--Output from testNonBadUrl--
]]></system-out>

      <system-err><![CDATA[--Output from testValidPublicitySource--
--Output from testBlankName--
--Output from testNonUniqueName--
--Output from testNonBadUrl--
]]></system-err>

  </testsuite>
  <testsuite errors="0" failures="0" hostname="master-home" id="5" name="RestaurantTests" package="com.visionarysoftwaresolutions.restaurant" tests="5" time="1.372" timestamp="2012-05-05T11:19:41">
      <properties />

      <testcase classname="com.visionarysoftwaresolutions.restaurant.RestaurantTests" name="testInvalidBlankNameRestaurant" time="0.148" />

      <testcase classname="com.visionarysoftwaresolutions.restaurant.RestaurantTests" name="testInvalidConflictingRestaurants" time="0.637" />

      <testcase classname="com.visionarysoftwaresolutions.restaurant.RestaurantTests" name="testInvalidRestaurantNoSchedule" time="0.028" />

      <testcase classname="com.visionarysoftwaresolutions.restaurant.RestaurantTests" name="testInvalidRestaurantNoLocation" time="0.022" />

      <testcase classname="com.visionarysoftwaresolutions.restaurant.RestaurantTests" name="testValidRestaurant" time="0.022" />

      <system-out><![CDATA[--Output from testInvalidBlankNameRestaurant--
--Output from testInvalidConflictingRestaurants--
--Output from testInvalidRestaurantNoSchedule--
--Output from testInvalidRestaurantNoLocation--
--Output from testValidRestaurant--
]]></system-out>

      <system-err><![CDATA[--Output from testInvalidBlankNameRestaurant--
--Output from testInvalidConflictingRestaurants--
--Output from testInvalidRestaurantNoSchedule--
--Output from testInvalidRestaurantNoLocation--
--Output from testValidRestaurant--
]]></system-err>

  </testsuite>
  <testsuite errors="0" failures="0" hostname="master-home" id="6" name="MenuItemControllerTests" package="com.visionarysoftwaresolutions.restaurant.menu" tests="3" time="1.763" timestamp="2012-05-05T11:19:42">
      <properties />

      <testcase classname="com.visionarysoftwaresolutions.restaurant.menu.MenuItemControllerTests" name="testShowingAMenuItem" time="1.485" />

      <testcase classname="com.visionarysoftwaresolutions.restaurant.menu.MenuItemControllerTests" name="testRetrievingMenuItemPicture" time="0.093" />

      <testcase classname="com.visionarysoftwaresolutions.restaurant.menu.MenuItemControllerTests" name="testRetrievingMenuItemBarCode" time="0.084" />

      <system-out><![CDATA[--Output from testShowingAMenuItem--
--Output from testRetrievingMenuItemPicture--
--Output from testRetrievingMenuItemBarCode--
]]></system-out>

      <system-err><![CDATA[--Output from testShowingAMenuItem--
--Output from testRetrievingMenuItemPicture--
--Output from testRetrievingMenuItemBarCode--
]]></system-err>

  </testsuite>
  <testsuite errors="0" failures="0" hostname="master-home" id="7" name="MenuItemTests" package="com.visionarysoftwaresolutions.restaurant.menu" tests="4" time="0.381" timestamp="2012-05-05T11:19:44">
      <properties />

      <testcase classname="com.visionarysoftwaresolutions.restaurant.menu.MenuItemTests" name="testValidMenuItem" time="0.146" />

      <testcase classname="com.visionarysoftwaresolutions.restaurant.menu.MenuItemTests" name="testInvalidMenuItemBlankName" time="0.037" />

      <testcase classname="com.visionarysoftwaresolutions.restaurant.menu.MenuItemTests" name="testInvalidMenuItemBlankRecipe" time="0.023" />

      <testcase classname="com.visionarysoftwaresolutions.restaurant.menu.MenuItemTests" name="testMenuItemCalculateNutrition" time="0.039" />

      <system-out><![CDATA[--Output from testValidMenuItem--
--Output from testInvalidMenuItemBlankName--
--Output from testInvalidMenuItemBlankRecipe--
--Output from testMenuItemCalculateNutrition--
]]></system-out>

      <system-err><![CDATA[--Output from testValidMenuItem--
--Output from testInvalidMenuItemBlankName--
--Output from testInvalidMenuItemBlankRecipe--
--Output from testMenuItemCalculateNutrition--
]]></system-err>

  </testsuite>
  <testsuite errors="0" failures="0" hostname="master-home" id="8" name="MenuTests" package="com.visionarysoftwaresolutions.restaurant.menu" tests="4" time="0.402" timestamp="2012-05-05T11:19:44">
      <properties />

      <testcase classname="com.visionarysoftwaresolutions.restaurant.menu.MenuTests" name="testValidMenu" time="0.216" />

      <testcase classname="com.visionarysoftwaresolutions.restaurant.menu.MenuTests" name="testInvalidMenuNoRestaurant" time="0.017" />

      <testcase classname="com.visionarysoftwaresolutions.restaurant.menu.MenuTests" name="testValidMenus" time="0.02" />

      <testcase classname="com.visionarysoftwaresolutions.restaurant.menu.MenuTests" name="testChildMenus" time="0.021" />

      <system-out><![CDATA[--Output from testValidMenu--
--Output from testInvalidMenuNoRestaurant--
--Output from testValidMenus--
--Output from testChildMenus--
]]></system-out>

      <system-err><![CDATA[--Output from testValidMenu--
--Output from testInvalidMenuNoRestaurant--
--Output from testValidMenus--
--Output from testChildMenus--
]]></system-err>

  </testsuite>
  <testsuite errors="0" failures="0" hostname="master-home" id="9" name="IngredientTests" package="com.visionarysoftwaresolutions.restaurant.nutrition" tests="4" time="0.298" timestamp="2012-05-05T11:19:45">
      <properties />

      <testcase classname="com.visionarysoftwaresolutions.restaurant.nutrition.IngredientTests" name="testValidIngredient" time="0.126" />

      <testcase classname="com.visionarysoftwaresolutions.restaurant.nutrition.IngredientTests" name="testInvalidBlankNameIngredient" time="0.018" />

      <testcase classname="com.visionarysoftwaresolutions.restaurant.nutrition.IngredientTests" name="testInvalidNegativeAmountIngredient" time="0.017" />

      <testcase classname="com.visionarysoftwaresolutions.restaurant.nutrition.IngredientTests" name="testInvalidUnitIngredient" time="0.018" />

      <system-out><![CDATA[--Output from testValidIngredient--
--Output from testInvalidBlankNameIngredient--
--Output from testInvalidNegativeAmountIngredient--
--Output from testInvalidUnitIngredient--
]]></system-out>

      <system-err><![CDATA[--Output from testValidIngredient--
--Output from testInvalidBlankNameIngredient--
--Output from testInvalidNegativeAmountIngredient--
--Output from testInvalidUnitIngredient--
]]></system-err>

  </testsuite>
  <testsuite errors="0" failures="0" hostname="master-home" id="10" name="NutritionalInformationTests" package="com.visionarysoftwaresolutions.restaurant.nutrition" tests="15" time="0.537" timestamp="2012-05-05T11:19:45">
      <properties />

      <testcase classname="com.visionarysoftwaresolutions.restaurant.nutrition.NutritionalInformationTests" name="testInvalidNegativeCalories" time="0.106" />

      <testcase classname="com.visionarysoftwaresolutions.restaurant.nutrition.NutritionalInformationTests" name="testInvalidNegativeCaloriesFromFat" time="0.02" />

      <testcase classname="com.visionarysoftwaresolutions.restaurant.nutrition.NutritionalInformationTests" name="testInvalidNegativeTransFat" time="0.02" />

      <testcase classname="com.visionarysoftwaresolutions.restaurant.nutrition.NutritionalInformationTests" name="testInvalidTooBigCaloriesFromFat" time="0.022" />

      <testcase classname="com.visionarysoftwaresolutions.restaurant.nutrition.NutritionalInformationTests" name="testInvalidNegativeSaturatedFat" time="0.019" />

      <testcase classname="com.visionarysoftwaresolutions.restaurant.nutrition.NutritionalInformationTests" name="testInvalidNegativeCholesterol" time="0.019" />

      <testcase classname="com.visionarysoftwaresolutions.restaurant.nutrition.NutritionalInformationTests" name="testInvalidNegativeSodium" time="0.02" />

      <testcase classname="com.visionarysoftwaresolutions.restaurant.nutrition.NutritionalInformationTests" name="testInvalidNegativeTotalCarbohydrate" time="0.019" />

      <testcase classname="com.visionarysoftwaresolutions.restaurant.nutrition.NutritionalInformationTests" name="testInvalidNegativeDietaryFiber" time="0.018" />

      <testcase classname="com.visionarysoftwaresolutions.restaurant.nutrition.NutritionalInformationTests" name="testInvalidTooBigDietaryFiber" time="0.024" />

      <testcase classname="com.visionarysoftwaresolutions.restaurant.nutrition.NutritionalInformationTests" name="testInvalidNegativeSugars" time="0.024" />

      <testcase classname="com.visionarysoftwaresolutions.restaurant.nutrition.NutritionalInformationTests" name="testInvalidTooBigSugars" time="0.019" />

      <testcase classname="com.visionarysoftwaresolutions.restaurant.nutrition.NutritionalInformationTests" name="testInvalidNegativeProtein" time="0.02" />

      <testcase classname="com.visionarysoftwaresolutions.restaurant.nutrition.NutritionalInformationTests" name="testCalculateTotalFat" time="0.021" />

      <testcase classname="com.visionarysoftwaresolutions.restaurant.nutrition.NutritionalInformationTests" name="testCombinedNutritionalInformation" time="0.018" />

      <system-out><![CDATA[--Output from testInvalidNegativeCalories--
--Output from testInvalidNegativeCaloriesFromFat--
--Output from testInvalidNegativeTransFat--
--Output from testInvalidTooBigCaloriesFromFat--
--Output from testInvalidNegativeSaturatedFat--
--Output from testInvalidNegativeCholesterol--
--Output from testInvalidNegativeSodium--
--Output from testInvalidNegativeTotalCarbohydrate--
--Output from testInvalidNegativeDietaryFiber--
--Output from testInvalidTooBigDietaryFiber--
--Output from testInvalidNegativeSugars--
--Output from testInvalidTooBigSugars--
--Output from testInvalidNegativeProtein--
--Output from testCalculateTotalFat--
--Output from testCombinedNutritionalInformation--
]]></system-out>

      <system-err><![CDATA[--Output from testInvalidNegativeCalories--
--Output from testInvalidNegativeCaloriesFromFat--
--Output from testInvalidNegativeTransFat--
--Output from testInvalidTooBigCaloriesFromFat--
--Output from testInvalidNegativeSaturatedFat--
--Output from testInvalidNegativeCholesterol--
--Output from testInvalidNegativeSodium--
--Output from testInvalidNegativeTotalCarbohydrate--
--Output from testInvalidNegativeDietaryFiber--
--Output from testInvalidTooBigDietaryFiber--
--Output from testInvalidNegativeSugars--
--Output from testInvalidTooBigSugars--
--Output from testInvalidNegativeProtein--
--Output from testCalculateTotalFat--
--Output from testCombinedNutritionalInformation--
]]></system-err>

  </testsuite>
  <testsuite errors="0" failures="0" hostname="master-home" id="11" name="RecipeTests" package="com.visionarysoftwaresolutions.restaurant.nutrition" tests="6" time="0.356" timestamp="2012-05-05T11:19:45">
      <properties />

      <testcase classname="com.visionarysoftwaresolutions.restaurant.nutrition.RecipeTests" name="testInvalidRecipeNullIngredients" time="0.115" />

      <testcase classname="com.visionarysoftwaresolutions.restaurant.nutrition.RecipeTests" name="testInvalidRecipeNullServings" time="0.023" />

      <testcase classname="com.visionarysoftwaresolutions.restaurant.nutrition.RecipeTests" name="testInvalidRecipeNullPreparation" time="0.024" />

      <testcase classname="com.visionarysoftwaresolutions.restaurant.nutrition.RecipeTests" name="testValidRecipe" time="0.026" />

      <testcase classname="com.visionarysoftwaresolutions.restaurant.nutrition.RecipeTests" name="testCalculateNutritionForOneServing" time="0.019" />

      <testcase classname="com.visionarysoftwaresolutions.restaurant.nutrition.RecipeTests" name="testCalculateNutritionForMultipleServings" time="0.022" />

      <system-out><![CDATA[--Output from testInvalidRecipeNullIngredients--
--Output from testInvalidRecipeNullServings--
--Output from testInvalidRecipeNullPreparation--
--Output from testValidRecipe--
--Output from testCalculateNutritionForOneServing--
--Output from testCalculateNutritionForMultipleServings--
]]></system-out>

      <system-err><![CDATA[--Output from testInvalidRecipeNullIngredients--
--Output from testInvalidRecipeNullServings--
--Output from testInvalidRecipeNullPreparation--
--Output from testValidRecipe--
--Output from testCalculateNutritionForOneServing--
--Output from testCalculateNutritionForMultipleServings--
]]></system-err>

  </testsuite>
  <testsuite errors="0" failures="0" hostname="master-home" id="12" name="ServingTests" package="com.visionarysoftwaresolutions.restaurant.nutrition" tests="2" time="0.218" timestamp="2012-05-05T11:19:46">
      <properties />

      <testcase classname="com.visionarysoftwaresolutions.restaurant.nutrition.ServingTests" name="testInvalidBlankServingName" time="0.124" />

      <testcase classname="com.visionarysoftwaresolutions.restaurant.nutrition.ServingTests" name="testInvalidNegativeServingSize" time="0.011" />

      <system-out><![CDATA[--Output from testInvalidBlankServingName--
--Output from testInvalidNegativeServingSize--
]]></system-out>

      <system-err><![CDATA[--Output from testInvalidBlankServingName--
--Output from testInvalidNegativeServingSize--
]]></system-err>

  </testsuite>
</testsuites>
